<?xml version="1.0" encoding="UTF-8"?>
<testng-results skipped="0" failed="0" ignored="0" total="1" passed="1">
  <reporter-output>
  </reporter-output>
  <suite name="Default suite" duration-ms="38427" started-at="2022-08-06T18:24:25 IST" finished-at="2022-08-06T18:25:04 IST">
    <groups>
    </groups>
    <test name="Default test" duration-ms="38427" started-at="2022-08-06T18:24:25 IST" finished-at="2022-08-06T18:25:04 IST">
      <class name="testcases.HomepageTest">
        <test-method status="PASS" signature="lauchUrl()[pri:0, instance:testcases.HomepageTest@91e32e]" name="lauchUrl" is-config="true" duration-ms="35980" started-at="2022-08-06T18:24:25 IST" finished-at="2022-08-06T18:25:01 IST">
          <reporter-output>
          </reporter-output>
        </test-method> <!-- lauchUrl -->
        <test-method status="PASS" signature="verifyFormElement()[pri:0, instance:testcases.HomepageTest@91e32e]" name="verifyFormElement" duration-ms="2340" started-at="2022-08-06T18:25:01 IST" finished-at="2022-08-06T18:25:04 IST">
          <reporter-output>
          </reporter-output>
        </test-method> <!-- verifyFormElement -->
      </class> <!-- testcases.HomepageTest -->
    </test> <!-- Default test -->
  </suite> <!-- Default suite -->
</testng-results>
